<?xml version="1.0" encoding="UTF-8"?>
<testsuite xmlns:xsi="http://www.w3.org/2001/XMLSchema-instance" xsi:noNamespaceSchemaLocation="https://maven.apache.org/surefire/maven-surefire-plugin/xsd/surefire-test-report-3.0.xsd" version="3.0" name="TestSuite" time="12.05" tests="4" errors="0" skipped="0" failures="0">
  <properties>
    <property name="java.specification.version" value="21"/>
    <property name="sun.cpu.isalist" value="amd64"/>
    <property name="sun.jnu.encoding" value="Cp1252"/>
    <property name="java.class.path" value="C:\Users\91966\eclipse-workspace\PetStoreAPIAutomation\target\test-classes;C:\Users\91966\eclipse-workspace\PetStoreAPIAutomation\target\classes;C:\Users\91966\.m2\repository\com\microsoft\playwright\playwright\1.41.0\playwright-1.41.0.jar;C:\Users\91966\.m2\repository\com\google\code\gson\gson\2.8.9\gson-2.8.9.jar;C:\Users\91966\.m2\repository\org\opentest4j\opentest4j\1.2.0\opentest4j-1.2.0.jar;C:\Users\91966\.m2\repository\com\microsoft\playwright\driver\1.41.0\driver-1.41.0.jar;C:\Users\91966\.m2\repository\com\microsoft\playwright\driver-bundle\1.41.0\driver-bundle-1.41.0.jar;C:\Users\91966\.m2\repository\org\testng\testng\7.9.0\testng-7.9.0.jar;C:\Users\91966\.m2\repository\org\slf4j\slf4j-api\1.7.36\slf4j-api-1.7.36.jar;C:\Users\91966\.m2\repository\com\beust\jcommander\1.82\jcommander-1.82.jar;C:\Users\91966\.m2\repository\org\webjars\jquery\3.7.1\jquery-3.7.1.jar;C:\Users\91966\.m2\repository\com\fasterxml\jackson\core\jackson-databind\2.16.1\jackson-databind-2.16.1.jar;C:\Users\91966\.m2\repository\com\fasterxml\jackson\core\jackson-annotations\2.16.1\jackson-annotations-2.16.1.jar;C:\Users\91966\.m2\repository\com\fasterxml\jackson\core\jackson-core\2.16.1\jackson-core-2.16.1.jar;C:\Users\91966\.m2\repository\com\aventstack\extentreports\5.1.1\extentreports-5.1.1.jar;C:\Users\91966\.m2\repository\io\reactivex\rxjava3\rxjava\3.1.6\rxjava-3.1.6.jar;C:\Users\91966\.m2\repository\org\reactivestreams\reactive-streams\1.0.4\reactive-streams-1.0.4.jar;C:\Users\91966\.m2\repository\org\freemarker\freemarker\2.3.32\freemarker-2.3.32.jar;C:\Users\91966\.m2\repository\org\projectlombok\lombok\1.18.26\lombok-1.18.26.jar;C:\Users\91966\.m2\repository\com\github\javafaker\javafaker\1.0.2\javafaker-1.0.2.jar;C:\Users\91966\.m2\repository\org\apache\commons\commons-lang3\3.5\commons-lang3-3.5.jar;C:\Users\91966\.m2\repository\org\yaml\snakeyaml\1.23\snakeyaml-1.23-android.jar;C:\Users\91966\.m2\repository\com\github\mifmif\generex\1.0.2\generex-1.0.2.jar;C:\Users\91966\.m2\repository\dk\brics\automaton\automaton\1.11-8\automaton-1.11-8.jar;C:\Users\91966\.m2\repository\org\apache\logging\log4j\log4j-api\2.22.1\log4j-api-2.22.1.jar;C:\Users\91966\.m2\repository\org\apache\logging\log4j\log4j-core\2.22.1\log4j-core-2.22.1.jar;"/>
    <property name="java.vm.vendor" value="Oracle Corporation"/>
    <property name="sun.arch.data.model" value="64"/>
    <property name="user.variant" value=""/>
    <property name="java.vendor.url" value="https://java.oracle.com/"/>
    <property name="user.timezone" value="Asia/Calcutta"/>
    <property name="os.name" value="Windows 11"/>
    <property name="java.vm.specification.version" value="21"/>
    <property name="sun.java.launcher" value="SUN_STANDARD"/>
    <property name="user.country" value="IN"/>
    <property name="sun.boot.library.path" value="C:\Program Files\Java\jdk-21\bin"/>
    <property name="sun.java.command" value="C:\Users\91966\AppData\Local\Temp\surefire18216753486784382938\surefirebooter-20240217114025516_3.jar C:\Users\91966\AppData\Local\Temp\surefire18216753486784382938 2024-02-17T11-40-25_373-jvmRun1 surefire-20240217114025516_1tmp surefire_0-20240217114025516_2tmp"/>
    <property name="jdk.debug" value="release"/>
    <property name="surefire.test.class.path" value="C:\Users\91966\eclipse-workspace\PetStoreAPIAutomation\target\test-classes;C:\Users\91966\eclipse-workspace\PetStoreAPIAutomation\target\classes;C:\Users\91966\.m2\repository\com\microsoft\playwright\playwright\1.41.0\playwright-1.41.0.jar;C:\Users\91966\.m2\repository\com\google\code\gson\gson\2.8.9\gson-2.8.9.jar;C:\Users\91966\.m2\repository\org\opentest4j\opentest4j\1.2.0\opentest4j-1.2.0.jar;C:\Users\91966\.m2\repository\com\microsoft\playwright\driver\1.41.0\driver-1.41.0.jar;C:\Users\91966\.m2\repository\com\microsoft\playwright\driver-bundle\1.41.0\driver-bundle-1.41.0.jar;C:\Users\91966\.m2\repository\org\testng\testng\7.9.0\testng-7.9.0.jar;C:\Users\91966\.m2\repository\org\slf4j\slf4j-api\1.7.36\slf4j-api-1.7.36.jar;C:\Users\91966\.m2\repository\com\beust\jcommander\1.82\jcommander-1.82.jar;C:\Users\91966\.m2\repository\org\webjars\jquery\3.7.1\jquery-3.7.1.jar;C:\Users\91966\.m2\repository\com\fasterxml\jackson\core\jackson-databind\2.16.1\jackson-databind-2.16.1.jar;C:\Users\91966\.m2\repository\com\fasterxml\jackson\core\jackson-annotations\2.16.1\jackson-annotations-2.16.1.jar;C:\Users\91966\.m2\repository\com\fasterxml\jackson\core\jackson-core\2.16.1\jackson-core-2.16.1.jar;C:\Users\91966\.m2\repository\com\aventstack\extentreports\5.1.1\extentreports-5.1.1.jar;C:\Users\91966\.m2\repository\io\reactivex\rxjava3\rxjava\3.1.6\rxjava-3.1.6.jar;C:\Users\91966\.m2\repository\org\reactivestreams\reactive-streams\1.0.4\reactive-streams-1.0.4.jar;C:\Users\91966\.m2\repository\org\freemarker\freemarker\2.3.32\freemarker-2.3.32.jar;C:\Users\91966\.m2\repository\org\projectlombok\lombok\1.18.26\lombok-1.18.26.jar;C:\Users\91966\.m2\repository\com\github\javafaker\javafaker\1.0.2\javafaker-1.0.2.jar;C:\Users\91966\.m2\repository\org\apache\commons\commons-lang3\3.5\commons-lang3-3.5.jar;C:\Users\91966\.m2\repository\org\yaml\snakeyaml\1.23\snakeyaml-1.23-android.jar;C:\Users\91966\.m2\repository\com\github\mifmif\generex\1.0.2\generex-1.0.2.jar;C:\Users\91966\.m2\repository\dk\brics\automaton\automaton\1.11-8\automaton-1.11-8.jar;C:\Users\91966\.m2\repository\org\apache\logging\log4j\log4j-api\2.22.1\log4j-api-2.22.1.jar;C:\Users\91966\.m2\repository\org\apache\logging\log4j\log4j-core\2.22.1\log4j-core-2.22.1.jar;"/>
    <property name="sun.cpu.endian" value="little"/>
    <property name="user.home" value="C:\Users\91966"/>
    <property name="user.language" value="en"/>
    <property name="java.specification.vendor" value="Oracle Corporation"/>
    <property name="java.version.date" value="2024-01-16"/>
    <property name="java.home" value="C:\Program Files\Java\jdk-21"/>
    <property name="file.separator" value="\"/>
    <property name="basedir" value="C:\Users\91966\eclipse-workspace\PetStoreAPIAutomation"/>
    <property name="java.vm.compressedOopsMode" value="Zero based"/>
    <property name="line.separator" value="&#10;"/>
    <property name="java.vm.specification.vendor" value="Oracle Corporation"/>
    <property name="java.specification.name" value="Java Platform API Specification"/>
    <property name="surefire.real.class.path" value="C:\Users\91966\AppData\Local\Temp\surefire18216753486784382938\surefirebooter-20240217114025516_3.jar"/>
    <property name="user.script" value=""/>
    <property name="sun.management.compiler" value="HotSpot 64-Bit Tiered Compilers"/>
    <property name="java.runtime.version" value="21.0.2+13-LTS-58"/>
    <property name="user.name" value="91966"/>
    <property name="stdout.encoding" value="Cp1252"/>
    <property name="path.separator" value=";"/>
    <property name="os.version" value="10.0"/>
    <property name="java.runtime.name" value="Java(TM) SE Runtime Environment"/>
    <property name="file.encoding" value="UTF-8"/>
    <property name="java.vm.name" value="Java HotSpot(TM) 64-Bit Server VM"/>
    <property name="localRepository" value="C:\Users\91966\.m2\repository"/>
    <property name="java.vendor.url.bug" value="https://bugreport.java.com/bugreport/"/>
    <property name="java.io.tmpdir" value="C:\Users\91966\AppData\Local\Temp\"/>
    <property name="java.version" value="21.0.2"/>
    <property name="user.dir" value="C:\Users\91966\eclipse-workspace\PetStoreAPIAutomation"/>
    <property name="os.arch" value="amd64"/>
    <property name="java.vm.specification.name" value="Java Virtual Machine Specification"/>
    <property name="sun.os.patch.level" value=""/>
    <property name="native.encoding" value="Cp1252"/>
    <property name="java.library.path" value="C:\Program Files\Java\jdk-21\bin;C:\WINDOWS\Sun\Java\bin;C:\WINDOWS\system32;C:\WINDOWS;C:\Program Files\Common Files\Oracle\Java\javapath;C:\WINDOWS\system32;C:\WINDOWS;C:\WINDOWS\System32\Wbem;C:\WINDOWS\System32\WindowsPowerShell\v1.0\;C:\WINDOWS\System32\OpenSSH\;C:\Program Files\nodejs\;C:\Program Files\Java\jdk-21\bin;C:\apache-maven-3.9.6-bin\apache-maven-3.9.6\bin;C:\apache-maven-3.9.6\bin;C:\Users\91966\AppData\Local\Microsoft\WindowsApps;C:\Users\91966\AppData\Local\Programs\Microsoft VS Code\bin;C:\Users\91966\AppData\Roaming\npm;."/>
    <property name="java.vm.info" value="mixed mode, sharing"/>
    <property name="stderr.encoding" value="Cp1252"/>
    <property name="java.vendor" value="Oracle Corporation"/>
    <property name="java.vm.version" value="21.0.2+13-LTS-58"/>
    <property name="sun.io.unicode.encoding" value="UnicodeLittle"/>
    <property name="java.class.version" value="65.0"/>
  </properties>
  <testcase name="testPostPet" classname="api.test.PetTestCases" time="6.749">
    <system-out><![CDATA[2024-02-17 11:40:27 [main] INFO  PetTestCases:63 - ************************Creating a pet*********************************
POST response status is : 200
POST response body is : {"id":1270836494,"category":{"id":1971783162,"name":"American Bobtail"},"name":"butterfly","photoUrls":["www.jan-crist.co"],"tags":[{"id":1971783162,"name":"Milo"}],"status":"Available"}
Id of a pet animal is :1270836494
2024-02-17 11:40:33 [main] INFO  PetTestCases:80 - ************************A pet is created*********************************
]]></system-out>
    <system-err><![CDATA[SLF4J: Failed to load class "org.slf4j.impl.StaticLoggerBinder".
SLF4J: Defaulting to no-operation (NOP) logger implementation
SLF4J: See http://www.slf4j.org/codes.html#StaticLoggerBinder for further details.
]]></system-err>
  </testcase>
  <testcase name="testGetPetById" classname="api.test.PetTestCases" time="0.893">
    <system-out><![CDATA[2024-02-17 11:40:33 [main] INFO  PetTestCases:86 - ************************Retrieving pet info*********************************
GET response status is : 200
GET response body is : {"id":1270836494,"category":{"id":1971783162,"name":"American Bobtail"},"name":"butterfly","photoUrls":["www.jan-crist.co"],"tags":[{"id":1971783162,"name":"Milo"}],"status":"Available"}
2024-02-17 11:40:34 [main] INFO  PetTestCases:93 - ************************Pet info is retrieved*********************************
]]></system-out>
  </testcase>
  <testcase name="testUpdatePetByName" classname="api.test.PetTestCases" time="0.894">
    <system-out><![CDATA[2024-02-17 11:40:34 [main] INFO  PetTestCases:99 - ************************Updating a pet*********************************
PUT response status is : 200
PUT response body is : {"id":1270836494,"category":{"id":1971783162,"name":"American Bobtail"},"name":"Kitty","photoUrls":["www.jan-crist.co"],"tags":[{"id":1971783162,"name":"Milo"}],"status":"Available"}
2024-02-17 11:40:35 [main] INFO  PetTestCases:108 - ************************Pet is updated*********************************
]]></system-out>
  </testcase>
  <testcase name="testDeletePetById" classname="api.test.PetTestCases" time="1.845">
    <system-out><![CDATA[2024-02-17 11:40:35 [main] INFO  PetTestCases:113 - ************************Deleting pet*********************************
Delete response status is : 200
Delete response body is : Pet deleted
2024-02-17 11:40:36 [main] INFO  PetTestCases:121 - ************************Pet is deleted*********************************
2024-02-17 11:40:36 [main] INFO  PetTestCases:123 - ************************Retrieving deleted pet*********************************
GET response body is : Pet not found
2024-02-17 11:40:37 [main] INFO  PetTestCases:127 - ************************Pet info not found, pet deleted successfully*********************************
]]></system-out>
  </testcase>
</testsuite>