<?xml version="1.0" encoding="UTF-8"?>
<!-- Generated by org.testng.reporters.JUnitReportReporter -->
<testsuite hostname="Suksha-Roshan" failures="0" tests="4" name="api.test.PetTestCases" time="9.444" errors="0" timestamp="2024-02-19T09:39:30 IST" skipped="0">
  <testcase classname="api.test.PetTestCases" name="testPostPet" time="1.728"/>
  <testcase classname="api.test.PetTestCases" name="testGetPetById" time="4.217"/>
  <testcase classname="api.test.PetTestCases" name="testUpdatePetByName" time="1.220"/>
  <testcase classname="api.test.PetTestCases" name="testDeletePetById" time="2.279"/>
</testsuite> <!-- api.test.PetTestCases -->
