<?xml version="1.0" encoding="UTF-8"?>
<!-- Generated by org.testng.reporters.JUnitReportReporter -->
<testsuite hostname="Suksha-Roshan" failures="0" tests="4" name="api.test.PetTestCases" time="11.676" errors="0" timestamp="2024-02-17T02:13:43 IST" skipped="0">
  <testcase classname="api.test.PetTestCases" name="testPostPet" time="8.145"/>
  <testcase classname="api.test.PetTestCases" name="testGetPetById" time="0.881"/>
  <testcase classname="api.test.PetTestCases" name="testUpdatePetByName" time="0.892"/>
  <testcase classname="api.test.PetTestCases" name="testDeletePetById" time="1.758"/>
</testsuite> <!-- api.test.PetTestCases -->
