<?xml version="1.0" encoding="UTF-8"?>
<!-- Generated by org.testng.reporters.JUnitReportReporter -->
<testsuite hostname="Suksha-Roshan" failures="0" tests="4" name="api.test.PetTestCases" time="10.364" errors="0" timestamp="2024-02-17T11:40:37 IST" skipped="0">
  <testcase classname="api.test.PetTestCases" name="testPostPet" time="6.739"/>
  <testcase classname="api.test.PetTestCases" name="testGetPetById" time="0.892"/>
  <testcase classname="api.test.PetTestCases" name="testUpdatePetByName" time="0.891"/>
  <testcase classname="api.test.PetTestCases" name="testDeletePetById" time="1.842"/>
</testsuite> <!-- api.test.PetTestCases -->
